13:50:34,388 DEBUG devpinoyLogger:72 - Config file loaded !!!
13:50:34,390 DEBUG devpinoyLogger:87 - OR file loaded !!!
13:50:35,323 DEBUG RequestAddCookies:122 - CookieSpec selected: default
13:50:35,329 DEBUG RequestAuthCache:76 - Auth cache not set in the context
13:50:35,330 DEBUG PoolingHttpClientConnectionManager:249 - Connection request: [route: {}->http://localhost:1864][total kept alive: 0; route allocated: 0 of 2000; total allocated: 0 of 2000]
13:50:35,338 DEBUG PoolingHttpClientConnectionManager:282 - Connection leased: [id: 0][route: {}->http://localhost:1864][total kept alive: 0; route allocated: 1 of 2000; total allocated: 1 of 2000]
13:50:35,340 DEBUG MainClientExec:234 - Opening connection {}->http://localhost:1864
13:50:35,340 DEBUG DefaultHttpClientConnectionOperator:131 - Connecting to localhost/127.0.0.1:1864
13:50:35,341 DEBUG DefaultHttpClientConnectionOperator:138 - Connection established 127.0.0.1:57062<->127.0.0.1:1864
13:50:35,341 DEBUG DefaultManagedHttpClientConnection:90 - http-outgoing-0: set socket timeout to 10800000
13:50:35,341 DEBUG MainClientExec:255 - Executing request POST /session HTTP/1.1
13:50:35,341 DEBUG MainClientExec:260 - Target auth state: UNCHALLENGED
13:50:35,342 DEBUG MainClientExec:266 - Proxy auth state: UNCHALLENGED
13:50:35,343 DEBUG headers:135 - http-outgoing-0 >> POST /session HTTP/1.1
13:50:35,343 DEBUG headers:138 - http-outgoing-0 >> Content-Type: application/json; charset=utf-8
13:50:35,343 DEBUG headers:138 - http-outgoing-0 >> Content-Length: 308
13:50:35,343 DEBUG headers:138 - http-outgoing-0 >> Host: localhost:1864
13:50:35,343 DEBUG headers:138 - http-outgoing-0 >> Connection: Keep-Alive
13:50:35,343 DEBUG headers:138 - http-outgoing-0 >> User-Agent: Apache-HttpClient/4.5.1 (Java/1.8.0_144)
13:50:35,344 DEBUG headers:138 - http-outgoing-0 >> Accept-Encoding: gzip,deflate
13:50:35,344 DEBUG wire:72 - http-outgoing-0 >> "POST /session HTTP/1.1[\r][\n]"
13:50:35,344 DEBUG wire:72 - http-outgoing-0 >> "Content-Type: application/json; charset=utf-8[\r][\n]"
13:50:35,344 DEBUG wire:72 - http-outgoing-0 >> "Content-Length: 308[\r][\n]"
13:50:35,344 DEBUG wire:72 - http-outgoing-0 >> "Host: localhost:1864[\r][\n]"
13:50:35,344 DEBUG wire:72 - http-outgoing-0 >> "Connection: Keep-Alive[\r][\n]"
13:50:35,344 DEBUG wire:72 - http-outgoing-0 >> "User-Agent: Apache-HttpClient/4.5.1 (Java/1.8.0_144)[\r][\n]"
13:50:35,344 DEBUG wire:72 - http-outgoing-0 >> "Accept-Encoding: gzip,deflate[\r][\n]"
13:50:35,344 DEBUG wire:72 - http-outgoing-0 >> "[\r][\n]"
13:50:35,344 DEBUG wire:86 - http-outgoing-0 >> "{"desiredCapabilities":{"browserName":"chrome","chromeOptions":{"args":["--disable-extensions","--disable-infobars"],"extensions":[],"prefs":{"profile.default_content_setting_values.notifications":2,"credentials_enable_service":false,"profile.password_manager_enabled":false}},"version":"","platform":"ANY"}}"
13:50:36,684 DEBUG wire:72 - http-outgoing-0 << "HTTP/1.1 200 OK[\r][\n]"
13:50:36,685 DEBUG wire:72 - http-outgoing-0 << "Content-Length:826[\r][\n]"
13:50:36,685 DEBUG wire:72 - http-outgoing-0 << "Content-Type:application/json; charset=utf-8[\r][\n]"
13:50:36,685 DEBUG wire:72 - http-outgoing-0 << "[\r][\n]"
13:50:36,685 DEBUG wire:86 - http-outgoing-0 << "{"sessionId":"b25e565b3472453f0abfb0d7427669b8","status":0,"value":{"acceptInsecureCerts":false,"acceptSslCerts":false,"applicationCacheEnabled":false,"browserConnectionEnabled":false,"browserName":"chrome","chrome":{"chromedriverVersion":"2.38.552522 (437e6fbedfa8762dec75e2c5b3ddb86763dc9dcb)","userDataDir":"C:\\Users\\rbo\\AppData\\Local\\Temp\\scoped_dir20784_7240"},"cssSelectorsEnabled":true,"databaseEnabled":false,"handlesAlerts":true,"hasTouchScreen":false,"javascriptEnabled":true,"locationContextEnabled":true,"mobileEmulationEnabled":false,"nativeEvents":true,"networkConnectionEnabled":false,"pageLoadStrategy":"normal","platform":"Windows NT","rotatable":false,"setWindowRect":true,"takesHeapSnapshot":true,"takesScreenshot":true,"unexpectedAlertBehaviour":"","version":"77.0.3865.75","webStorageEnabled":true}}"
13:50:36,687 DEBUG headers:124 - http-outgoing-0 << HTTP/1.1 200 OK
13:50:36,687 DEBUG headers:127 - http-outgoing-0 << Content-Length:826
13:50:36,687 DEBUG headers:127 - http-outgoing-0 << Content-Type:application/json; charset=utf-8
13:50:36,715 DEBUG MainClientExec:284 - Connection can be kept alive indefinitely
13:50:36,718 DEBUG PoolingHttpClientConnectionManager:314 - Connection [id: 0][route: {}->http://localhost:1864] can be kept alive indefinitely
13:50:36,718 DEBUG PoolingHttpClientConnectionManager:320 - Connection released: [id: 0][route: {}->http://localhost:1864][total kept alive: 1; route allocated: 1 of 2000; total allocated: 1 of 2000]
13:50:36,723 DEBUG RequestAddCookies:122 - CookieSpec selected: default
13:50:36,724 DEBUG RequestAuthCache:76 - Auth cache not set in the context
13:50:36,724 DEBUG PoolingHttpClientConnectionManager:249 - Connection request: [route: {}->http://localhost:1864][total kept alive: 1; route allocated: 1 of 2000; total allocated: 1 of 2000]
13:50:36,724 DEBUG PoolingHttpClientConnectionManager:282 - Connection leased: [id: 0][route: {}->http://localhost:1864][total kept alive: 0; route allocated: 1 of 2000; total allocated: 1 of 2000]
13:50:36,724 DEBUG MainClientExec:207 - Stale connection check
13:50:36,725 DEBUG wire:86 - http-outgoing-0 << "[read] I/O error: Read timed out"
13:50:36,725 DEBUG DefaultManagedHttpClientConnection:90 - http-outgoing-0: set socket timeout to 10800000
13:50:36,725 DEBUG MainClientExec:255 - Executing request POST /session/b25e565b3472453f0abfb0d7427669b8/url HTTP/1.1
13:50:36,725 DEBUG MainClientExec:260 - Target auth state: UNCHALLENGED
13:50:36,725 DEBUG MainClientExec:266 - Proxy auth state: UNCHALLENGED
13:50:36,725 DEBUG headers:135 - http-outgoing-0 >> POST /session/b25e565b3472453f0abfb0d7427669b8/url HTTP/1.1
13:50:36,725 DEBUG headers:138 - http-outgoing-0 >> Content-Type: application/json; charset=utf-8
13:50:36,725 DEBUG headers:138 - http-outgoing-0 >> Content-Length: 30
13:50:36,725 DEBUG headers:138 - http-outgoing-0 >> Host: localhost:1864
13:50:36,725 DEBUG headers:138 - http-outgoing-0 >> Connection: Keep-Alive
13:50:36,725 DEBUG headers:138 - http-outgoing-0 >> User-Agent: Apache-HttpClient/4.5.1 (Java/1.8.0_144)
13:50:36,726 DEBUG headers:138 - http-outgoing-0 >> Accept-Encoding: gzip,deflate
13:50:36,726 DEBUG wire:72 - http-outgoing-0 >> "POST /session/b25e565b3472453f0abfb0d7427669b8/url HTTP/1.1[\r][\n]"
13:50:36,726 DEBUG wire:72 - http-outgoing-0 >> "Content-Type: application/json; charset=utf-8[\r][\n]"
13:50:36,726 DEBUG wire:72 - http-outgoing-0 >> "Content-Length: 30[\r][\n]"
13:50:36,726 DEBUG wire:72 - http-outgoing-0 >> "Host: localhost:1864[\r][\n]"
13:50:36,726 DEBUG wire:72 - http-outgoing-0 >> "Connection: Keep-Alive[\r][\n]"
13:50:36,726 DEBUG wire:72 - http-outgoing-0 >> "User-Agent: Apache-HttpClient/4.5.1 (Java/1.8.0_144)[\r][\n]"
13:50:36,726 DEBUG wire:72 - http-outgoing-0 >> "Accept-Encoding: gzip,deflate[\r][\n]"
13:50:36,726 DEBUG wire:72 - http-outgoing-0 >> "[\r][\n]"
13:50:36,726 DEBUG wire:86 - http-outgoing-0 >> "{"url":"http://www.zoho.com/"}"
13:50:39,896 DEBUG wire:72 - http-outgoing-0 << "HTTP/1.1 200 OK[\r][\n]"
13:50:39,896 DEBUG wire:72 - http-outgoing-0 << "Content-Length:72[\r][\n]"
13:50:39,896 DEBUG wire:72 - http-outgoing-0 << "Content-Type:application/json; charset=utf-8[\r][\n]"
13:50:39,897 DEBUG wire:72 - http-outgoing-0 << "[\r][\n]"
13:50:39,897 DEBUG wire:86 - http-outgoing-0 << "{"sessionId":"b25e565b3472453f0abfb0d7427669b8","status":0,"value":null}"
13:50:39,897 DEBUG headers:124 - http-outgoing-0 << HTTP/1.1 200 OK
13:50:39,897 DEBUG headers:127 - http-outgoing-0 << Content-Length:72
13:50:39,897 DEBUG headers:127 - http-outgoing-0 << Content-Type:application/json; charset=utf-8
13:50:39,897 DEBUG MainClientExec:284 - Connection can be kept alive indefinitely
13:50:39,897 DEBUG PoolingHttpClientConnectionManager:314 - Connection [id: 0][route: {}->http://localhost:1864] can be kept alive indefinitely
13:50:39,897 DEBUG PoolingHttpClientConnectionManager:320 - Connection released: [id: 0][route: {}->http://localhost:1864][total kept alive: 1; route allocated: 1 of 2000; total allocated: 1 of 2000]
13:50:39,898 DEBUG devpinoyLogger:134 - Navigated to : http://www.zoho.com/
13:50:39,901 DEBUG RequestAddCookies:122 - CookieSpec selected: default
13:50:39,901 DEBUG RequestAuthCache:76 - Auth cache not set in the context
13:50:39,901 DEBUG PoolingHttpClientConnectionManager:249 - Connection request: [route: {}->http://localhost:1864][total kept alive: 1; route allocated: 1 of 2000; total allocated: 1 of 2000]
13:50:39,902 DEBUG PoolingHttpClientConnectionManager:282 - Connection leased: [id: 0][route: {}->http://localhost:1864][total kept alive: 0; route allocated: 1 of 2000; total allocated: 1 of 2000]
13:50:39,902 DEBUG MainClientExec:207 - Stale connection check
13:50:39,904 DEBUG wire:86 - http-outgoing-0 << "[read] I/O error: Read timed out"
13:50:39,904 DEBUG DefaultManagedHttpClientConnection:90 - http-outgoing-0: set socket timeout to 10800000
13:50:39,904 DEBUG MainClientExec:255 - Executing request POST /session/b25e565b3472453f0abfb0d7427669b8/window/current/maximize HTTP/1.1
13:50:39,904 DEBUG MainClientExec:260 - Target auth state: UNCHALLENGED
13:50:39,904 DEBUG MainClientExec:266 - Proxy auth state: UNCHALLENGED
13:50:39,904 DEBUG headers:135 - http-outgoing-0 >> POST /session/b25e565b3472453f0abfb0d7427669b8/window/current/maximize HTTP/1.1
13:50:39,904 DEBUG headers:138 - http-outgoing-0 >> Content-Type: application/json; charset=utf-8
13:50:39,904 DEBUG headers:138 - http-outgoing-0 >> Content-Length: 26
13:50:39,904 DEBUG headers:138 - http-outgoing-0 >> Host: localhost:1864
13:50:39,904 DEBUG headers:138 - http-outgoing-0 >> Connection: Keep-Alive
13:50:39,905 DEBUG headers:138 - http-outgoing-0 >> User-Agent: Apache-HttpClient/4.5.1 (Java/1.8.0_144)
13:50:39,905 DEBUG headers:138 - http-outgoing-0 >> Accept-Encoding: gzip,deflate
13:50:39,905 DEBUG wire:72 - http-outgoing-0 >> "POST /session/b25e565b3472453f0abfb0d7427669b8/window/current/maximize HTTP/1.1[\r][\n]"
13:50:39,905 DEBUG wire:72 - http-outgoing-0 >> "Content-Type: application/json; charset=utf-8[\r][\n]"
13:50:39,905 DEBUG wire:72 - http-outgoing-0 >> "Content-Length: 26[\r][\n]"
13:50:39,905 DEBUG wire:72 - http-outgoing-0 >> "Host: localhost:1864[\r][\n]"
13:50:39,905 DEBUG wire:72 - http-outgoing-0 >> "Connection: Keep-Alive[\r][\n]"
13:50:39,905 DEBUG wire:72 - http-outgoing-0 >> "User-Agent: Apache-HttpClient/4.5.1 (Java/1.8.0_144)[\r][\n]"
13:50:39,905 DEBUG wire:72 - http-outgoing-0 >> "Accept-Encoding: gzip,deflate[\r][\n]"
13:50:39,905 DEBUG wire:72 - http-outgoing-0 >> "[\r][\n]"
13:50:39,905 DEBUG wire:86 - http-outgoing-0 >> "{"windowHandle":"current"}"
13:50:41,019 DEBUG wire:72 - http-outgoing-0 << "HTTP/1.1 200 OK[\r][\n]"
13:50:41,020 DEBUG wire:72 - http-outgoing-0 << "Content-Length:72[\r][\n]"
13:50:41,020 DEBUG wire:72 - http-outgoing-0 << "Content-Type:application/json; charset=utf-8[\r][\n]"
13:50:41,020 DEBUG wire:72 - http-outgoing-0 << "[\r][\n]"
13:50:41,020 DEBUG wire:86 - http-outgoing-0 << "{"sessionId":"b25e565b3472453f0abfb0d7427669b8","status":0,"value":null}"
13:50:41,020 DEBUG headers:124 - http-outgoing-0 << HTTP/1.1 200 OK
13:50:41,020 DEBUG headers:127 - http-outgoing-0 << Content-Length:72
13:50:41,020 DEBUG headers:127 - http-outgoing-0 << Content-Type:application/json; charset=utf-8
13:50:41,020 DEBUG MainClientExec:284 - Connection can be kept alive indefinitely
13:50:41,020 DEBUG PoolingHttpClientConnectionManager:314 - Connection [id: 0][route: {}->http://localhost:1864] can be kept alive indefinitely
13:50:41,021 DEBUG PoolingHttpClientConnectionManager:320 - Connection released: [id: 0][route: {}->http://localhost:1864][total kept alive: 1; route allocated: 1 of 2000; total allocated: 1 of 2000]
13:50:41,022 DEBUG RequestAddCookies:122 - CookieSpec selected: default
13:50:41,022 DEBUG RequestAuthCache:76 - Auth cache not set in the context
13:50:41,023 DEBUG PoolingHttpClientConnectionManager:249 - Connection request: [route: {}->http://localhost:1864][total kept alive: 1; route allocated: 1 of 2000; total allocated: 1 of 2000]
13:50:41,023 DEBUG PoolingHttpClientConnectionManager:282 - Connection leased: [id: 0][route: {}->http://localhost:1864][total kept alive: 0; route allocated: 1 of 2000; total allocated: 1 of 2000]
13:50:41,023 DEBUG MainClientExec:207 - Stale connection check
13:50:41,025 DEBUG wire:86 - http-outgoing-0 << "[read] I/O error: Read timed out"
13:50:41,025 DEBUG DefaultManagedHttpClientConnection:90 - http-outgoing-0: set socket timeout to 10800000
13:50:41,025 DEBUG MainClientExec:255 - Executing request POST /session/b25e565b3472453f0abfb0d7427669b8/timeouts HTTP/1.1
13:50:41,025 DEBUG MainClientExec:260 - Target auth state: UNCHALLENGED
13:50:41,025 DEBUG MainClientExec:266 - Proxy auth state: UNCHALLENGED
13:50:41,025 DEBUG headers:135 - http-outgoing-0 >> POST /session/b25e565b3472453f0abfb0d7427669b8/timeouts HTTP/1.1
13:50:41,025 DEBUG headers:138 - http-outgoing-0 >> Content-Type: application/json; charset=utf-8
13:50:41,025 DEBUG headers:138 - http-outgoing-0 >> Content-Length: 30
13:50:41,025 DEBUG headers:138 - http-outgoing-0 >> Host: localhost:1864
13:50:41,025 DEBUG headers:138 - http-outgoing-0 >> Connection: Keep-Alive
13:50:41,025 DEBUG headers:138 - http-outgoing-0 >> User-Agent: Apache-HttpClient/4.5.1 (Java/1.8.0_144)
13:50:41,026 DEBUG headers:138 - http-outgoing-0 >> Accept-Encoding: gzip,deflate
13:50:41,026 DEBUG wire:72 - http-outgoing-0 >> "POST /session/b25e565b3472453f0abfb0d7427669b8/timeouts HTTP/1.1[\r][\n]"
13:50:41,026 DEBUG wire:72 - http-outgoing-0 >> "Content-Type: application/json; charset=utf-8[\r][\n]"
13:50:41,026 DEBUG wire:72 - http-outgoing-0 >> "Content-Length: 30[\r][\n]"
13:50:41,026 DEBUG wire:72 - http-outgoing-0 >> "Host: localhost:1864[\r][\n]"
13:50:41,026 DEBUG wire:72 - http-outgoing-0 >> "Connection: Keep-Alive[\r][\n]"
13:50:41,026 DEBUG wire:72 - http-outgoing-0 >> "User-Agent: Apache-HttpClient/4.5.1 (Java/1.8.0_144)[\r][\n]"
13:50:41,026 DEBUG wire:72 - http-outgoing-0 >> "Accept-Encoding: gzip,deflate[\r][\n]"
13:50:41,026 DEBUG wire:72 - http-outgoing-0 >> "[\r][\n]"
13:50:41,026 DEBUG wire:86 - http-outgoing-0 >> "{"type":"implicit","ms":10000}"
13:50:41,027 DEBUG wire:72 - http-outgoing-0 << "HTTP/1.1 200 OK[\r][\n]"
13:50:41,027 DEBUG wire:72 - http-outgoing-0 << "Content-Length:72[\r][\n]"
13:50:41,027 DEBUG wire:72 - http-outgoing-0 << "Content-Type:application/json; charset=utf-8[\r][\n]"
13:50:41,027 DEBUG wire:72 - http-outgoing-0 << "[\r][\n]"
13:50:41,027 DEBUG wire:86 - http-outgoing-0 << "{"sessionId":"b25e565b3472453f0abfb0d7427669b8","status":0,"value":null}"
13:50:41,027 DEBUG headers:124 - http-outgoing-0 << HTTP/1.1 200 OK
13:50:41,027 DEBUG headers:127 - http-outgoing-0 << Content-Length:72
13:50:41,027 DEBUG headers:127 - http-outgoing-0 << Content-Type:application/json; charset=utf-8
13:50:41,027 DEBUG MainClientExec:284 - Connection can be kept alive indefinitely
13:50:41,027 DEBUG PoolingHttpClientConnectionManager:314 - Connection [id: 0][route: {}->http://localhost:1864] can be kept alive indefinitely
13:50:41,027 DEBUG PoolingHttpClientConnectionManager:320 - Connection released: [id: 0][route: {}->http://localhost:1864][total kept alive: 1; route allocated: 1 of 2000; total allocated: 1 of 2000]
13:50:41,098 DEBUG RequestAddCookies:122 - CookieSpec selected: default
13:50:41,098 DEBUG RequestAuthCache:76 - Auth cache not set in the context
13:50:41,098 DEBUG PoolingHttpClientConnectionManager:249 - Connection request: [route: {}->http://localhost:1864][total kept alive: 1; route allocated: 1 of 2000; total allocated: 1 of 2000]
13:50:41,098 DEBUG PoolingHttpClientConnectionManager:282 - Connection leased: [id: 0][route: {}->http://localhost:1864][total kept alive: 0; route allocated: 1 of 2000; total allocated: 1 of 2000]
13:50:41,098 DEBUG MainClientExec:207 - Stale connection check
13:50:41,100 DEBUG wire:86 - http-outgoing-0 << "[read] I/O error: Read timed out"
13:50:41,100 DEBUG DefaultManagedHttpClientConnection:90 - http-outgoing-0: set socket timeout to 10800000
13:50:41,100 DEBUG MainClientExec:255 - Executing request POST /session/b25e565b3472453f0abfb0d7427669b8/element HTTP/1.1
13:50:41,100 DEBUG MainClientExec:260 - Target auth state: UNCHALLENGED
13:50:41,100 DEBUG MainClientExec:266 - Proxy auth state: UNCHALLENGED
13:50:41,100 DEBUG headers:135 - http-outgoing-0 >> POST /session/b25e565b3472453f0abfb0d7427669b8/element HTTP/1.1
13:50:41,100 DEBUG headers:138 - http-outgoing-0 >> Content-Type: application/json; charset=utf-8
13:50:41,100 DEBUG headers:138 - http-outgoing-0 >> Content-Length: 50
13:50:41,100 DEBUG headers:138 - http-outgoing-0 >> Host: localhost:1864
13:50:41,100 DEBUG headers:138 - http-outgoing-0 >> Connection: Keep-Alive
13:50:41,101 DEBUG headers:138 - http-outgoing-0 >> User-Agent: Apache-HttpClient/4.5.1 (Java/1.8.0_144)
13:50:41,101 DEBUG headers:138 - http-outgoing-0 >> Accept-Encoding: gzip,deflate
13:50:41,101 DEBUG wire:72 - http-outgoing-0 >> "POST /session/b25e565b3472453f0abfb0d7427669b8/element HTTP/1.1[\r][\n]"
13:50:41,101 DEBUG wire:72 - http-outgoing-0 >> "Content-Type: application/json; charset=utf-8[\r][\n]"
13:50:41,101 DEBUG wire:72 - http-outgoing-0 >> "Content-Length: 50[\r][\n]"
13:50:41,101 DEBUG wire:72 - http-outgoing-0 >> "Host: localhost:1864[\r][\n]"
13:50:41,101 DEBUG wire:72 - http-outgoing-0 >> "Connection: Keep-Alive[\r][\n]"
13:50:41,101 DEBUG wire:72 - http-outgoing-0 >> "User-Agent: Apache-HttpClient/4.5.1 (Java/1.8.0_144)[\r][\n]"
13:50:41,101 DEBUG wire:72 - http-outgoing-0 >> "Accept-Encoding: gzip,deflate[\r][\n]"
13:50:41,101 DEBUG wire:72 - http-outgoing-0 >> "[\r][\n]"
13:50:41,101 DEBUG wire:86 - http-outgoing-0 >> "{"using":"xpath","value":"//a[@class='zh-login']"}"
13:50:41,117 DEBUG wire:72 - http-outgoing-0 << "HTTP/1.1 200 OK[\r][\n]"
13:50:41,117 DEBUG wire:72 - http-outgoing-0 << "Content-Length:102[\r][\n]"
13:50:41,117 DEBUG wire:72 - http-outgoing-0 << "Content-Type:application/json; charset=utf-8[\r][\n]"
13:50:41,117 DEBUG wire:72 - http-outgoing-0 << "[\r][\n]"
13:50:41,117 DEBUG wire:86 - http-outgoing-0 << "{"sessionId":"b25e565b3472453f0abfb0d7427669b8","status":0,"value":{"ELEMENT":"0.6473033112284825-1"}}"
13:50:41,117 DEBUG headers:124 - http-outgoing-0 << HTTP/1.1 200 OK
13:50:41,117 DEBUG headers:127 - http-outgoing-0 << Content-Length:102
13:50:41,118 DEBUG headers:127 - http-outgoing-0 << Content-Type:application/json; charset=utf-8
13:50:41,118 DEBUG MainClientExec:284 - Connection can be kept alive indefinitely
13:50:41,118 DEBUG PoolingHttpClientConnectionManager:314 - Connection [id: 0][route: {}->http://localhost:1864] can be kept alive indefinitely
13:50:41,118 DEBUG PoolingHttpClientConnectionManager:320 - Connection released: [id: 0][route: {}->http://localhost:1864][total kept alive: 1; route allocated: 1 of 2000; total allocated: 1 of 2000]
13:50:41,121 DEBUG RequestAddCookies:122 - CookieSpec selected: default
13:50:41,122 DEBUG RequestAuthCache:76 - Auth cache not set in the context
13:50:41,122 DEBUG PoolingHttpClientConnectionManager:249 - Connection request: [route: {}->http://localhost:1864][total kept alive: 1; route allocated: 1 of 2000; total allocated: 1 of 2000]
13:50:41,122 DEBUG PoolingHttpClientConnectionManager:282 - Connection leased: [id: 0][route: {}->http://localhost:1864][total kept alive: 0; route allocated: 1 of 2000; total allocated: 1 of 2000]
13:50:41,122 DEBUG MainClientExec:207 - Stale connection check
13:50:41,124 DEBUG wire:86 - http-outgoing-0 << "[read] I/O error: Read timed out"
13:50:41,124 DEBUG DefaultManagedHttpClientConnection:90 - http-outgoing-0: set socket timeout to 10800000
13:50:41,124 DEBUG MainClientExec:255 - Executing request POST /session/b25e565b3472453f0abfb0d7427669b8/element/0.6473033112284825-1/click HTTP/1.1
13:50:41,124 DEBUG MainClientExec:260 - Target auth state: UNCHALLENGED
13:50:41,124 DEBUG MainClientExec:266 - Proxy auth state: UNCHALLENGED
13:50:41,124 DEBUG headers:135 - http-outgoing-0 >> POST /session/b25e565b3472453f0abfb0d7427669b8/element/0.6473033112284825-1/click HTTP/1.1
13:50:41,124 DEBUG headers:138 - http-outgoing-0 >> Content-Type: application/json; charset=utf-8
13:50:41,124 DEBUG headers:138 - http-outgoing-0 >> Content-Length: 29
13:50:41,124 DEBUG headers:138 - http-outgoing-0 >> Host: localhost:1864
13:50:41,124 DEBUG headers:138 - http-outgoing-0 >> Connection: Keep-Alive
13:50:41,124 DEBUG headers:138 - http-outgoing-0 >> User-Agent: Apache-HttpClient/4.5.1 (Java/1.8.0_144)
13:50:41,124 DEBUG headers:138 - http-outgoing-0 >> Accept-Encoding: gzip,deflate
13:50:41,125 DEBUG wire:72 - http-outgoing-0 >> "POST /session/b25e565b3472453f0abfb0d7427669b8/element/0.6473033112284825-1/click HTTP/1.1[\r][\n]"
13:50:41,125 DEBUG wire:72 - http-outgoing-0 >> "Content-Type: application/json; charset=utf-8[\r][\n]"
13:50:41,125 DEBUG wire:72 - http-outgoing-0 >> "Content-Length: 29[\r][\n]"
13:50:41,125 DEBUG wire:72 - http-outgoing-0 >> "Host: localhost:1864[\r][\n]"
13:50:41,125 DEBUG wire:72 - http-outgoing-0 >> "Connection: Keep-Alive[\r][\n]"
13:50:41,125 DEBUG wire:72 - http-outgoing-0 >> "User-Agent: Apache-HttpClient/4.5.1 (Java/1.8.0_144)[\r][\n]"
13:50:41,125 DEBUG wire:72 - http-outgoing-0 >> "Accept-Encoding: gzip,deflate[\r][\n]"
13:50:41,125 DEBUG wire:72 - http-outgoing-0 >> "[\r][\n]"
13:50:41,125 DEBUG wire:86 - http-outgoing-0 >> "{"id":"0.6473033112284825-1"}"
13:50:42,094 DEBUG wire:72 - http-outgoing-0 << "HTTP/1.1 200 OK[\r][\n]"
13:50:42,094 DEBUG wire:72 - http-outgoing-0 << "Content-Length:72[\r][\n]"
13:50:42,094 DEBUG wire:72 - http-outgoing-0 << "Content-Type:application/json; charset=utf-8[\r][\n]"
13:50:42,094 DEBUG wire:72 - http-outgoing-0 << "[\r][\n]"
13:50:42,094 DEBUG wire:86 - http-outgoing-0 << "{"sessionId":"b25e565b3472453f0abfb0d7427669b8","status":0,"value":null}"
13:50:42,094 DEBUG headers:124 - http-outgoing-0 << HTTP/1.1 200 OK
13:50:42,094 DEBUG headers:127 - http-outgoing-0 << Content-Length:72
13:50:42,094 DEBUG headers:127 - http-outgoing-0 << Content-Type:application/json; charset=utf-8
13:50:42,094 DEBUG MainClientExec:284 - Connection can be kept alive indefinitely
13:50:42,095 DEBUG PoolingHttpClientConnectionManager:314 - Connection [id: 0][route: {}->http://localhost:1864] can be kept alive indefinitely
13:50:42,095 DEBUG PoolingHttpClientConnectionManager:320 - Connection released: [id: 0][route: {}->http://localhost:1864][total kept alive: 1; route allocated: 1 of 2000; total allocated: 1 of 2000]
13:50:42,098 DEBUG RequestAddCookies:122 - CookieSpec selected: default
13:50:42,098 DEBUG RequestAuthCache:76 - Auth cache not set in the context
13:50:42,098 DEBUG PoolingHttpClientConnectionManager:249 - Connection request: [route: {}->http://localhost:1864][total kept alive: 1; route allocated: 1 of 2000; total allocated: 1 of 2000]
13:50:42,098 DEBUG PoolingHttpClientConnectionManager:282 - Connection leased: [id: 0][route: {}->http://localhost:1864][total kept alive: 0; route allocated: 1 of 2000; total allocated: 1 of 2000]
13:50:42,098 DEBUG MainClientExec:207 - Stale connection check
13:50:42,099 DEBUG wire:86 - http-outgoing-0 << "[read] I/O error: Read timed out"
13:50:42,099 DEBUG DefaultManagedHttpClientConnection:90 - http-outgoing-0: set socket timeout to 10800000
13:50:42,099 DEBUG MainClientExec:255 - Executing request POST /session/b25e565b3472453f0abfb0d7427669b8/element HTTP/1.1
13:50:42,099 DEBUG MainClientExec:260 - Target auth state: UNCHALLENGED
13:50:42,099 DEBUG MainClientExec:266 - Proxy auth state: UNCHALLENGED
13:50:42,099 DEBUG headers:135 - http-outgoing-0 >> POST /session/b25e565b3472453f0abfb0d7427669b8/element HTTP/1.1
13:50:42,099 DEBUG headers:138 - http-outgoing-0 >> Content-Type: application/json; charset=utf-8
13:50:42,099 DEBUG headers:138 - http-outgoing-0 >> Content-Length: 46
13:50:42,099 DEBUG headers:138 - http-outgoing-0 >> Host: localhost:1864
13:50:42,099 DEBUG headers:138 - http-outgoing-0 >> Connection: Keep-Alive
13:50:42,099 DEBUG headers:138 - http-outgoing-0 >> User-Agent: Apache-HttpClient/4.5.1 (Java/1.8.0_144)
13:50:42,099 DEBUG headers:138 - http-outgoing-0 >> Accept-Encoding: gzip,deflate
13:50:42,100 DEBUG wire:72 - http-outgoing-0 >> "POST /session/b25e565b3472453f0abfb0d7427669b8/element HTTP/1.1[\r][\n]"
13:50:42,100 DEBUG wire:72 - http-outgoing-0 >> "Content-Type: application/json; charset=utf-8[\r][\n]"
13:50:42,100 DEBUG wire:72 - http-outgoing-0 >> "Content-Length: 46[\r][\n]"
13:50:42,100 DEBUG wire:72 - http-outgoing-0 >> "Host: localhost:1864[\r][\n]"
13:50:42,100 DEBUG wire:72 - http-outgoing-0 >> "Connection: Keep-Alive[\r][\n]"
13:50:42,100 DEBUG wire:72 - http-outgoing-0 >> "User-Agent: Apache-HttpClient/4.5.1 (Java/1.8.0_144)[\r][\n]"
13:50:42,100 DEBUG wire:72 - http-outgoing-0 >> "Accept-Encoding: gzip,deflate[\r][\n]"
13:50:42,100 DEBUG wire:72 - http-outgoing-0 >> "[\r][\n]"
13:50:42,100 DEBUG wire:86 - http-outgoing-0 >> "{"using":"xpath","value":"//input[@id='lid']"}"
13:50:42,111 DEBUG wire:72 - http-outgoing-0 << "HTTP/1.1 200 OK[\r][\n]"
13:50:42,112 DEBUG wire:72 - http-outgoing-0 << "Content-Length:102[\r][\n]"
13:50:42,112 DEBUG wire:72 - http-outgoing-0 << "Content-Type:application/json; charset=utf-8[\r][\n]"
13:50:42,112 DEBUG wire:72 - http-outgoing-0 << "[\r][\n]"
13:50:42,112 DEBUG wire:86 - http-outgoing-0 << "{"sessionId":"b25e565b3472453f0abfb0d7427669b8","status":0,"value":{"ELEMENT":"0.7910459496060922-1"}}"
13:50:42,112 DEBUG headers:124 - http-outgoing-0 << HTTP/1.1 200 OK
13:50:42,112 DEBUG headers:127 - http-outgoing-0 << Content-Length:102
13:50:42,112 DEBUG headers:127 - http-outgoing-0 << Content-Type:application/json; charset=utf-8
13:50:42,112 DEBUG MainClientExec:284 - Connection can be kept alive indefinitely
13:50:42,112 DEBUG PoolingHttpClientConnectionManager:314 - Connection [id: 0][route: {}->http://localhost:1864] can be kept alive indefinitely
13:50:42,112 DEBUG PoolingHttpClientConnectionManager:320 - Connection released: [id: 0][route: {}->http://localhost:1864][total kept alive: 1; route allocated: 1 of 2000; total allocated: 1 of 2000]
13:50:42,113 DEBUG RequestAddCookies:122 - CookieSpec selected: default
13:50:42,113 DEBUG RequestAuthCache:76 - Auth cache not set in the context
13:50:42,114 DEBUG PoolingHttpClientConnectionManager:249 - Connection request: [route: {}->http://localhost:1864][total kept alive: 1; route allocated: 1 of 2000; total allocated: 1 of 2000]
13:50:42,114 DEBUG PoolingHttpClientConnectionManager:282 - Connection leased: [id: 0][route: {}->http://localhost:1864][total kept alive: 0; route allocated: 1 of 2000; total allocated: 1 of 2000]
13:50:42,114 DEBUG MainClientExec:207 - Stale connection check
13:50:42,115 DEBUG wire:86 - http-outgoing-0 << "[read] I/O error: Read timed out"
13:50:42,115 DEBUG DefaultManagedHttpClientConnection:90 - http-outgoing-0: set socket timeout to 10800000
13:50:42,115 DEBUG MainClientExec:255 - Executing request POST /session/b25e565b3472453f0abfb0d7427669b8/element/0.7910459496060922-1/value HTTP/1.1
13:50:42,115 DEBUG MainClientExec:260 - Target auth state: UNCHALLENGED
13:50:42,115 DEBUG MainClientExec:266 - Proxy auth state: UNCHALLENGED
13:50:42,115 DEBUG headers:135 - http-outgoing-0 >> POST /session/b25e565b3472453f0abfb0d7427669b8/element/0.7910459496060922-1/value HTTP/1.1
13:50:42,115 DEBUG headers:138 - http-outgoing-0 >> Content-Type: application/json; charset=utf-8
13:50:42,115 DEBUG headers:138 - http-outgoing-0 >> Content-Length: 61
13:50:42,115 DEBUG headers:138 - http-outgoing-0 >> Host: localhost:1864
13:50:42,115 DEBUG headers:138 - http-outgoing-0 >> Connection: Keep-Alive
13:50:42,115 DEBUG headers:138 - http-outgoing-0 >> User-Agent: Apache-HttpClient/4.5.1 (Java/1.8.0_144)
13:50:42,115 DEBUG headers:138 - http-outgoing-0 >> Accept-Encoding: gzip,deflate
13:50:42,115 DEBUG wire:72 - http-outgoing-0 >> "POST /session/b25e565b3472453f0abfb0d7427669b8/element/0.7910459496060922-1/value HTTP/1.1[\r][\n]"
13:50:42,116 DEBUG wire:72 - http-outgoing-0 >> "Content-Type: application/json; charset=utf-8[\r][\n]"
13:50:42,116 DEBUG wire:72 - http-outgoing-0 >> "Content-Length: 61[\r][\n]"
13:50:42,116 DEBUG wire:72 - http-outgoing-0 >> "Host: localhost:1864[\r][\n]"
13:50:42,116 DEBUG wire:72 - http-outgoing-0 >> "Connection: Keep-Alive[\r][\n]"
13:50:42,116 DEBUG wire:72 - http-outgoing-0 >> "User-Agent: Apache-HttpClient/4.5.1 (Java/1.8.0_144)[\r][\n]"
13:50:42,116 DEBUG wire:72 - http-outgoing-0 >> "Accept-Encoding: gzip,deflate[\r][\n]"
13:50:42,116 DEBUG wire:72 - http-outgoing-0 >> "[\r][\n]"
13:50:42,116 DEBUG wire:86 - http-outgoing-0 >> "{"id":"0.7910459496060922-1","value":["bluebirdsr@pobox.sk"]}"
13:50:42,219 DEBUG wire:72 - http-outgoing-0 << "HTTP/1.1 200 OK[\r][\n]"
13:50:42,219 DEBUG wire:72 - http-outgoing-0 << "Content-Length:72[\r][\n]"
13:50:42,219 DEBUG wire:72 - http-outgoing-0 << "Content-Type:application/json; charset=utf-8[\r][\n]"
13:50:42,219 DEBUG wire:72 - http-outgoing-0 << "[\r][\n]"
13:50:42,220 DEBUG wire:86 - http-outgoing-0 << "{"sessionId":"b25e565b3472453f0abfb0d7427669b8","status":0,"value":null}"
13:50:42,220 DEBUG headers:124 - http-outgoing-0 << HTTP/1.1 200 OK
13:50:42,220 DEBUG headers:127 - http-outgoing-0 << Content-Length:72
13:50:42,220 DEBUG headers:127 - http-outgoing-0 << Content-Type:application/json; charset=utf-8
13:50:42,220 DEBUG MainClientExec:284 - Connection can be kept alive indefinitely
13:50:42,220 DEBUG PoolingHttpClientConnectionManager:314 - Connection [id: 0][route: {}->http://localhost:1864] can be kept alive indefinitely
13:50:42,220 DEBUG PoolingHttpClientConnectionManager:320 - Connection released: [id: 0][route: {}->http://localhost:1864][total kept alive: 1; route allocated: 1 of 2000; total allocated: 1 of 2000]
13:50:42,321 DEBUG RequestAddCookies:122 - CookieSpec selected: default
13:50:42,321 DEBUG RequestAuthCache:76 - Auth cache not set in the context
13:50:42,321 DEBUG PoolingHttpClientConnectionManager:249 - Connection request: [route: {}->http://localhost:1864][total kept alive: 1; route allocated: 1 of 2000; total allocated: 1 of 2000]
13:50:42,322 DEBUG PoolingHttpClientConnectionManager:282 - Connection leased: [id: 0][route: {}->http://localhost:1864][total kept alive: 0; route allocated: 1 of 2000; total allocated: 1 of 2000]
13:50:42,322 DEBUG MainClientExec:207 - Stale connection check
13:50:42,324 DEBUG wire:86 - http-outgoing-0 << "[read] I/O error: Read timed out"
13:50:42,324 DEBUG DefaultManagedHttpClientConnection:90 - http-outgoing-0: set socket timeout to 10800000
13:50:42,324 DEBUG MainClientExec:255 - Executing request POST /session/b25e565b3472453f0abfb0d7427669b8/element HTTP/1.1
13:50:42,324 DEBUG MainClientExec:260 - Target auth state: UNCHALLENGED
13:50:42,324 DEBUG MainClientExec:266 - Proxy auth state: UNCHALLENGED
13:50:42,324 DEBUG headers:135 - http-outgoing-0 >> POST /session/b25e565b3472453f0abfb0d7427669b8/element HTTP/1.1
13:50:42,324 DEBUG headers:138 - http-outgoing-0 >> Content-Type: application/json; charset=utf-8
13:50:42,324 DEBUG headers:138 - http-outgoing-0 >> Content-Length: 46
13:50:42,324 DEBUG headers:138 - http-outgoing-0 >> Host: localhost:1864
13:50:42,324 DEBUG headers:138 - http-outgoing-0 >> Connection: Keep-Alive
13:50:42,324 DEBUG headers:138 - http-outgoing-0 >> User-Agent: Apache-HttpClient/4.5.1 (Java/1.8.0_144)
13:50:42,324 DEBUG headers:138 - http-outgoing-0 >> Accept-Encoding: gzip,deflate
13:50:42,324 DEBUG wire:72 - http-outgoing-0 >> "POST /session/b25e565b3472453f0abfb0d7427669b8/element HTTP/1.1[\r][\n]"
13:50:42,325 DEBUG wire:72 - http-outgoing-0 >> "Content-Type: application/json; charset=utf-8[\r][\n]"
13:50:42,325 DEBUG wire:72 - http-outgoing-0 >> "Content-Length: 46[\r][\n]"
13:50:42,325 DEBUG wire:72 - http-outgoing-0 >> "Host: localhost:1864[\r][\n]"
13:50:42,325 DEBUG wire:72 - http-outgoing-0 >> "Connection: Keep-Alive[\r][\n]"
13:50:42,325 DEBUG wire:72 - http-outgoing-0 >> "User-Agent: Apache-HttpClient/4.5.1 (Java/1.8.0_144)[\r][\n]"
13:50:42,325 DEBUG wire:72 - http-outgoing-0 >> "Accept-Encoding: gzip,deflate[\r][\n]"
13:50:42,325 DEBUG wire:72 - http-outgoing-0 >> "[\r][\n]"
13:50:42,325 DEBUG wire:86 - http-outgoing-0 >> "{"using":"xpath","value":"//input[@id='pwd']"}"
13:50:42,334 DEBUG wire:72 - http-outgoing-0 << "HTTP/1.1 200 OK[\r][\n]"
13:50:42,334 DEBUG wire:72 - http-outgoing-0 << "Content-Length:102[\r][\n]"
13:50:42,334 DEBUG wire:72 - http-outgoing-0 << "Content-Type:application/json; charset=utf-8[\r][\n]"
13:50:42,334 DEBUG wire:72 - http-outgoing-0 << "[\r][\n]"
13:50:42,334 DEBUG wire:86 - http-outgoing-0 << "{"sessionId":"b25e565b3472453f0abfb0d7427669b8","status":0,"value":{"ELEMENT":"0.7910459496060922-2"}}"
13:50:42,334 DEBUG headers:124 - http-outgoing-0 << HTTP/1.1 200 OK
13:50:42,334 DEBUG headers:127 - http-outgoing-0 << Content-Length:102
13:50:42,334 DEBUG headers:127 - http-outgoing-0 << Content-Type:application/json; charset=utf-8
13:50:42,334 DEBUG MainClientExec:284 - Connection can be kept alive indefinitely
13:50:42,335 DEBUG PoolingHttpClientConnectionManager:314 - Connection [id: 0][route: {}->http://localhost:1864] can be kept alive indefinitely
13:50:42,335 DEBUG PoolingHttpClientConnectionManager:320 - Connection released: [id: 0][route: {}->http://localhost:1864][total kept alive: 1; route allocated: 1 of 2000; total allocated: 1 of 2000]
13:50:42,335 DEBUG RequestAddCookies:122 - CookieSpec selected: default
13:50:42,336 DEBUG RequestAuthCache:76 - Auth cache not set in the context
13:50:42,336 DEBUG PoolingHttpClientConnectionManager:249 - Connection request: [route: {}->http://localhost:1864][total kept alive: 1; route allocated: 1 of 2000; total allocated: 1 of 2000]
13:50:42,336 DEBUG PoolingHttpClientConnectionManager:282 - Connection leased: [id: 0][route: {}->http://localhost:1864][total kept alive: 0; route allocated: 1 of 2000; total allocated: 1 of 2000]
13:50:42,336 DEBUG MainClientExec:207 - Stale connection check
13:50:42,337 DEBUG wire:86 - http-outgoing-0 << "[read] I/O error: Read timed out"
13:50:42,337 DEBUG DefaultManagedHttpClientConnection:90 - http-outgoing-0: set socket timeout to 10800000
13:50:42,337 DEBUG MainClientExec:255 - Executing request POST /session/b25e565b3472453f0abfb0d7427669b8/element/0.7910459496060922-2/value HTTP/1.1
13:50:42,337 DEBUG MainClientExec:260 - Target auth state: UNCHALLENGED
13:50:42,337 DEBUG MainClientExec:266 - Proxy auth state: UNCHALLENGED
13:50:42,337 DEBUG headers:135 - http-outgoing-0 >> POST /session/b25e565b3472453f0abfb0d7427669b8/element/0.7910459496060922-2/value HTTP/1.1
13:50:42,338 DEBUG headers:138 - http-outgoing-0 >> Content-Type: application/json; charset=utf-8
13:50:42,338 DEBUG headers:138 - http-outgoing-0 >> Content-Length: 52
13:50:42,338 DEBUG headers:138 - http-outgoing-0 >> Host: localhost:1864
13:50:42,338 DEBUG headers:138 - http-outgoing-0 >> Connection: Keep-Alive
13:50:42,338 DEBUG headers:138 - http-outgoing-0 >> User-Agent: Apache-HttpClient/4.5.1 (Java/1.8.0_144)
13:50:42,338 DEBUG headers:138 - http-outgoing-0 >> Accept-Encoding: gzip,deflate
13:50:42,338 DEBUG wire:72 - http-outgoing-0 >> "POST /session/b25e565b3472453f0abfb0d7427669b8/element/0.7910459496060922-2/value HTTP/1.1[\r][\n]"
13:50:42,338 DEBUG wire:72 - http-outgoing-0 >> "Content-Type: application/json; charset=utf-8[\r][\n]"
13:50:42,338 DEBUG wire:72 - http-outgoing-0 >> "Content-Length: 52[\r][\n]"
13:50:42,338 DEBUG wire:72 - http-outgoing-0 >> "Host: localhost:1864[\r][\n]"
13:50:42,338 DEBUG wire:72 - http-outgoing-0 >> "Connection: Keep-Alive[\r][\n]"
13:50:42,338 DEBUG wire:72 - http-outgoing-0 >> "User-Agent: Apache-HttpClient/4.5.1 (Java/1.8.0_144)[\r][\n]"
13:50:42,338 DEBUG wire:72 - http-outgoing-0 >> "Accept-Encoding: gzip,deflate[\r][\n]"
13:50:42,339 DEBUG wire:72 - http-outgoing-0 >> "[\r][\n]"
13:50:42,339 DEBUG wire:86 - http-outgoing-0 >> "{"id":"0.7910459496060922-2","value":["Lampa2019!"]}"
13:50:42,390 DEBUG wire:72 - http-outgoing-0 << "HTTP/1.1 200 OK[\r][\n]"
13:50:42,390 DEBUG wire:72 - http-outgoing-0 << "Content-Length:72[\r][\n]"
13:50:42,390 DEBUG wire:72 - http-outgoing-0 << "Content-Type:application/json; charset=utf-8[\r][\n]"
13:50:42,390 DEBUG wire:72 - http-outgoing-0 << "[\r][\n]"
13:50:42,390 DEBUG wire:86 - http-outgoing-0 << "{"sessionId":"b25e565b3472453f0abfb0d7427669b8","status":0,"value":null}"
13:50:42,390 DEBUG headers:124 - http-outgoing-0 << HTTP/1.1 200 OK
13:50:42,390 DEBUG headers:127 - http-outgoing-0 << Content-Length:72
13:50:42,390 DEBUG headers:127 - http-outgoing-0 << Content-Type:application/json; charset=utf-8
13:50:42,390 DEBUG MainClientExec:284 - Connection can be kept alive indefinitely
13:50:42,391 DEBUG PoolingHttpClientConnectionManager:314 - Connection [id: 0][route: {}->http://localhost:1864] can be kept alive indefinitely
13:50:42,391 DEBUG PoolingHttpClientConnectionManager:320 - Connection released: [id: 0][route: {}->http://localhost:1864][total kept alive: 1; route allocated: 1 of 2000; total allocated: 1 of 2000]
13:50:42,391 DEBUG RequestAddCookies:122 - CookieSpec selected: default
13:50:42,391 DEBUG RequestAuthCache:76 - Auth cache not set in the context
13:50:42,392 DEBUG PoolingHttpClientConnectionManager:249 - Connection request: [route: {}->http://localhost:1864][total kept alive: 1; route allocated: 1 of 2000; total allocated: 1 of 2000]
13:50:42,392 DEBUG PoolingHttpClientConnectionManager:282 - Connection leased: [id: 0][route: {}->http://localhost:1864][total kept alive: 0; route allocated: 1 of 2000; total allocated: 1 of 2000]
13:50:42,392 DEBUG MainClientExec:207 - Stale connection check
13:50:42,394 DEBUG wire:86 - http-outgoing-0 << "[read] I/O error: Read timed out"
13:50:42,394 DEBUG DefaultManagedHttpClientConnection:90 - http-outgoing-0: set socket timeout to 10800000
13:50:42,394 DEBUG MainClientExec:255 - Executing request POST /session/b25e565b3472453f0abfb0d7427669b8/element HTTP/1.1
13:50:42,394 DEBUG MainClientExec:260 - Target auth state: UNCHALLENGED
13:50:42,394 DEBUG MainClientExec:266 - Proxy auth state: UNCHALLENGED
13:50:42,394 DEBUG headers:135 - http-outgoing-0 >> POST /session/b25e565b3472453f0abfb0d7427669b8/element HTTP/1.1
13:50:42,394 DEBUG headers:138 - http-outgoing-0 >> Content-Type: application/json; charset=utf-8
13:50:42,394 DEBUG headers:138 - http-outgoing-0 >> Content-Length: 54
13:50:42,394 DEBUG headers:138 - http-outgoing-0 >> Host: localhost:1864
13:50:42,394 DEBUG headers:138 - http-outgoing-0 >> Connection: Keep-Alive
13:50:42,394 DEBUG headers:138 - http-outgoing-0 >> User-Agent: Apache-HttpClient/4.5.1 (Java/1.8.0_144)
13:50:42,394 DEBUG headers:138 - http-outgoing-0 >> Accept-Encoding: gzip,deflate
13:50:42,394 DEBUG wire:72 - http-outgoing-0 >> "POST /session/b25e565b3472453f0abfb0d7427669b8/element HTTP/1.1[\r][\n]"
13:50:42,395 DEBUG wire:72 - http-outgoing-0 >> "Content-Type: application/json; charset=utf-8[\r][\n]"
13:50:42,395 DEBUG wire:72 - http-outgoing-0 >> "Content-Length: 54[\r][\n]"
13:50:42,395 DEBUG wire:72 - http-outgoing-0 >> "Host: localhost:1864[\r][\n]"
13:50:42,395 DEBUG wire:72 - http-outgoing-0 >> "Connection: Keep-Alive[\r][\n]"
13:50:42,395 DEBUG wire:72 - http-outgoing-0 >> "User-Agent: Apache-HttpClient/4.5.1 (Java/1.8.0_144)[\r][\n]"
13:50:42,395 DEBUG wire:72 - http-outgoing-0 >> "Accept-Encoding: gzip,deflate[\r][\n]"
13:50:42,395 DEBUG wire:72 - http-outgoing-0 >> "[\r][\n]"
13:50:42,395 DEBUG wire:86 - http-outgoing-0 >> "{"using":"xpath","value":"//div[@id='signin_submit']"}"
13:50:42,402 DEBUG wire:72 - http-outgoing-0 << "HTTP/1.1 200 OK[\r][\n]"
13:50:42,403 DEBUG wire:72 - http-outgoing-0 << "Content-Length:102[\r][\n]"
13:50:42,403 DEBUG wire:72 - http-outgoing-0 << "Content-Type:application/json; charset=utf-8[\r][\n]"
13:50:42,403 DEBUG wire:72 - http-outgoing-0 << "[\r][\n]"
13:50:42,403 DEBUG wire:86 - http-outgoing-0 << "{"sessionId":"b25e565b3472453f0abfb0d7427669b8","status":0,"value":{"ELEMENT":"0.7910459496060922-3"}}"
13:50:42,403 DEBUG headers:124 - http-outgoing-0 << HTTP/1.1 200 OK
13:50:42,403 DEBUG headers:127 - http-outgoing-0 << Content-Length:102
13:50:42,403 DEBUG headers:127 - http-outgoing-0 << Content-Type:application/json; charset=utf-8
13:50:42,403 DEBUG MainClientExec:284 - Connection can be kept alive indefinitely
13:50:42,403 DEBUG PoolingHttpClientConnectionManager:314 - Connection [id: 0][route: {}->http://localhost:1864] can be kept alive indefinitely
13:50:42,404 DEBUG PoolingHttpClientConnectionManager:320 - Connection released: [id: 0][route: {}->http://localhost:1864][total kept alive: 1; route allocated: 1 of 2000; total allocated: 1 of 2000]
13:50:42,404 DEBUG RequestAddCookies:122 - CookieSpec selected: default
13:50:42,405 DEBUG RequestAuthCache:76 - Auth cache not set in the context
13:50:42,405 DEBUG PoolingHttpClientConnectionManager:249 - Connection request: [route: {}->http://localhost:1864][total kept alive: 1; route allocated: 1 of 2000; total allocated: 1 of 2000]
13:50:42,405 DEBUG PoolingHttpClientConnectionManager:282 - Connection leased: [id: 0][route: {}->http://localhost:1864][total kept alive: 0; route allocated: 1 of 2000; total allocated: 1 of 2000]
13:50:42,405 DEBUG MainClientExec:207 - Stale connection check
13:50:42,406 DEBUG wire:86 - http-outgoing-0 << "[read] I/O error: Read timed out"
13:50:42,406 DEBUG DefaultManagedHttpClientConnection:90 - http-outgoing-0: set socket timeout to 10800000
13:50:42,406 DEBUG MainClientExec:255 - Executing request POST /session/b25e565b3472453f0abfb0d7427669b8/element/0.7910459496060922-3/click HTTP/1.1
13:50:42,406 DEBUG MainClientExec:260 - Target auth state: UNCHALLENGED
13:50:42,406 DEBUG MainClientExec:266 - Proxy auth state: UNCHALLENGED
13:50:42,406 DEBUG headers:135 - http-outgoing-0 >> POST /session/b25e565b3472453f0abfb0d7427669b8/element/0.7910459496060922-3/click HTTP/1.1
13:50:42,406 DEBUG headers:138 - http-outgoing-0 >> Content-Type: application/json; charset=utf-8
13:50:42,406 DEBUG headers:138 - http-outgoing-0 >> Content-Length: 29
13:50:42,406 DEBUG headers:138 - http-outgoing-0 >> Host: localhost:1864
13:50:42,406 DEBUG headers:138 - http-outgoing-0 >> Connection: Keep-Alive
13:50:42,406 DEBUG headers:138 - http-outgoing-0 >> User-Agent: Apache-HttpClient/4.5.1 (Java/1.8.0_144)
13:50:42,406 DEBUG headers:138 - http-outgoing-0 >> Accept-Encoding: gzip,deflate
13:50:42,406 DEBUG wire:72 - http-outgoing-0 >> "POST /session/b25e565b3472453f0abfb0d7427669b8/element/0.7910459496060922-3/click HTTP/1.1[\r][\n]"
13:50:42,406 DEBUG wire:72 - http-outgoing-0 >> "Content-Type: application/json; charset=utf-8[\r][\n]"
13:50:42,407 DEBUG wire:72 - http-outgoing-0 >> "Content-Length: 29[\r][\n]"
13:50:42,407 DEBUG wire:72 - http-outgoing-0 >> "Host: localhost:1864[\r][\n]"
13:50:42,407 DEBUG wire:72 - http-outgoing-0 >> "Connection: Keep-Alive[\r][\n]"
13:50:42,407 DEBUG wire:72 - http-outgoing-0 >> "User-Agent: Apache-HttpClient/4.5.1 (Java/1.8.0_144)[\r][\n]"
13:50:42,407 DEBUG wire:72 - http-outgoing-0 >> "Accept-Encoding: gzip,deflate[\r][\n]"
13:50:42,407 DEBUG wire:72 - http-outgoing-0 >> "[\r][\n]"
13:50:42,407 DEBUG wire:86 - http-outgoing-0 >> "{"id":"0.7910459496060922-3"}"
13:50:42,446 DEBUG wire:72 - http-outgoing-0 << "HTTP/1.1 200 OK[\r][\n]"
13:50:42,446 DEBUG wire:72 - http-outgoing-0 << "Content-Length:72[\r][\n]"
13:50:42,446 DEBUG wire:72 - http-outgoing-0 << "Content-Type:application/json; charset=utf-8[\r][\n]"
13:50:42,446 DEBUG wire:72 - http-outgoing-0 << "[\r][\n]"
13:50:42,446 DEBUG wire:86 - http-outgoing-0 << "{"sessionId":"b25e565b3472453f0abfb0d7427669b8","status":0,"value":null}"
13:50:42,446 DEBUG headers:124 - http-outgoing-0 << HTTP/1.1 200 OK
13:50:42,446 DEBUG headers:127 - http-outgoing-0 << Content-Length:72
13:50:42,446 DEBUG headers:127 - http-outgoing-0 << Content-Type:application/json; charset=utf-8
13:50:42,446 DEBUG MainClientExec:284 - Connection can be kept alive indefinitely
13:50:42,446 DEBUG PoolingHttpClientConnectionManager:314 - Connection [id: 0][route: {}->http://localhost:1864] can be kept alive indefinitely
13:50:42,447 DEBUG PoolingHttpClientConnectionManager:320 - Connection released: [id: 0][route: {}->http://localhost:1864][total kept alive: 1; route allocated: 1 of 2000; total allocated: 1 of 2000]
13:50:42,461 DEBUG cache:45 - Couldn't find template in cache for "Extent.ftl"("en_US", UTF-8, parsed); will try to load it.
13:50:42,462 DEBUG cache:45 - TemplateLoader.findTemplateSource("Extent_en_US.ftl"): Not found
13:50:42,463 DEBUG cache:45 - TemplateLoader.findTemplateSource("Extent_en.ftl"): Not found
13:50:42,463 DEBUG cache:45 - TemplateLoader.findTemplateSource("Extent.ftl"): Found
13:50:42,463 DEBUG cache:45 - Loading template for "Extent.ftl"("en_US", UTF-8, parsed) from "jar:file:/C:/_DiskDrivers_/U_drive/localrepo/com/relevantcodes/extentreports/2.41.2/extentreports-2.41.2.jar!/com/relevantcodes/extentreports/view/Extent.ftl"
